<?xml version="1.0" encoding="UTF-8"?>
<testsuite name="TicTacToeTest" tests="1" skipped="0" failures="0" errors="0" timestamp="2023-06-10T21:49:29" hostname="DESKTOP-7BM36PO" time="0.451">
  <properties/>
  <testcase name="start" classname="TicTacToeTest" time="0.451"/>
  <system-out><![CDATA[?[1;31m
Start test 1?[0m
---------
|       |
|       |
|       |
---------
Enter your move (row column): > 4 3
Invalid input! Row and column should be between 1 and 3.
Enter your move (row column): > 4 3
Invalid input! Row and column should be between 1 and 3.
Enter your move (row column): > 3 1
---------
|       |
|       |
| X     |
---------
Enter your move (row column): > 4 2
Invalid input! Row and column should be between 1 and 3.
Enter your move (row column): > 4 4
Invalid input! Row and column should be between 1 and 3.
Enter your move (row column): > 4 1
Invalid input! Row and column should be between 1 and 3.
Enter your move (row column): > 3 1
This cell is occupied! Choose another one.
Enter your move (row column): > 1 1
---------
| X     |
|       |
| X     |
---------
Enter your move (row column): > 1 3
---------
| X   X |
|       |
| X     |
---------
Enter your move (row column): > 3 4
Invalid input! Row and column should be between 1 and 3.
Enter your move (row column): > 1 1
This cell is occupied! Choose another one.
Enter your move (row column): > 1 2
---------
| X X X |
|       |
| X     |
---------
X wins
?[1;31m
Start test 2?[0m
---------
|       |
|       |
|       |
---------
Enter your move (row column): > 4 1
Invalid input! Row and column should be between 1 and 3.
Enter your move (row column): > 4 2
Invalid input! Row and column should be between 1 and 3.
Enter your move (row column): > 2 4
Invalid input! Row and column should be between 1 and 3.
Enter your move (row column): > 3 3
---------
|       |
|       |
|     X |
---------
Enter your move (row column): > 2 4
Invalid input! Row and column should be between 1 and 3.
Enter your move (row column): > 3 2
---------
|       |
|       |
|   X X |
---------
Enter your move (row column): > 1 2
---------
|   X   |
|       |
|   X X |
---------
Enter your move (row column): > 4 4
Invalid input! Row and column should be between 1 and 3.
Enter your move (row column): > 4 4
Invalid input! Row and column should be between 1 and 3.
Enter your move (row column): > 3 1
---------
|   X   |
|       |
| X X X |
---------
X wins
?[1;31m
Start test 3?[0m
---------
|       |
|       |
|       |
---------
Enter your move (row column): > 3 1
---------
|       |
|       |
| X     |
---------
Enter your move (row column): > 4 3
Invalid input! Row and column should be between 1 and 3.
Enter your move (row column): > 4 3
Invalid input! Row and column should be between 1 and 3.
Enter your move (row column): > 3 2
---------
|       |
|       |
| X X   |
---------
Enter your move (row column): > 3 1
This cell is occupied! Choose another one.
Enter your move (row column): > 2 4
Invalid input! Row and column should be between 1 and 3.
Enter your move (row column): > 1 3
---------
|     X |
|       |
| X X   |
---------
Enter your move (row column): > 3 1
This cell is occupied! Choose another one.
Enter your move (row column): > 3 4
Invalid input! Row and column should be between 1 and 3.
Enter your move (row column): > 3 2
This cell is occupied! Choose another one.
Enter your move (row column): > 1 3
This cell is occupied! Choose another one.
Enter your move (row column): > 2 1
---------
|     X |
| X     |
| X X   |
---------
Enter your move (row column): > 2 2
---------
|     X |
| X X   |
| X X   |
---------
X wins
?[1;31m
Start test 4?[0m
---------
|       |
|       |
|       |
---------
Enter your move (row column): > 4 3
Invalid input! Row and column should be between 1 and 3.
Enter your move (row column): > 2 4
Invalid input! Row and column should be between 1 and 3.
Enter your move (row column): > 2 2
---------
|       |
|   X   |
|       |
---------
Enter your move (row column): > 3 1
---------
|       |
|   X   |
| X     |
---------
Enter your move (row column): > 1 3
---------
|     X |
|   X   |
| X     |
---------
X wins
?[1;31m
Start test 5?[0m
---------
|       |
|       |
|       |
---------
Enter your move (row column): > 1 2
---------
|   X   |
|       |
|       |
---------
Enter your move (row column): > 1 1
---------
| X X   |
|       |
|       |
---------
Enter your move (row column): > 4 2
Invalid input! Row and column should be between 1 and 3.
Enter your move (row column): > 4 3
Invalid input! Row and column should be between 1 and 3.
Enter your move (row column): > 1 1
This cell is occupied! Choose another one.
Enter your move (row column): > 4 4
Invalid input! Row and column should be between 1 and 3.
Enter your move (row column): > 2 3
---------
| X X   |
|     X |
|       |
---------
Enter your move (row column): > 4 4
Invalid input! Row and column should be between 1 and 3.
Enter your move (row column): > 1 3
---------
| X X X |
|     X |
|       |
---------
X wins
?[1;31m
Start test 6?[0m
---------
|       |
|       |
|       |
---------
Enter your move (row column): > 4 5
Invalid input! Row and column should be between 1 and 3.
Enter your move (row column): > 1 3
---------
|     X |
|       |
|       |
---------
Enter your move (row column): > 3 3
---------
|     X |
|       |
|     X |
---------
Enter your move (row column): > 3 2
---------
|     X |
|       |
|   X X |
---------
Enter your move (row column): > 3 2
This cell is occupied! Choose another one.
Enter your move (row column): > 1 2
---------
|   X X |
|       |
|   X X |
---------
Enter your move (row column): > 2 1
---------
|   X X |
| X     |
|   X X |
---------
Enter your move (row column): > 3 3
This cell is occupied! Choose another one.
Enter your move (row column): > 2 1
This cell is occupied! Choose another one.
Enter your move (row column): > 3 4
Invalid input! Row and column should be between 1 and 3.
Enter your move (row column): > 1 2
This cell is occupied! Choose another one.
Enter your move (row column): > 2 3
---------
|   X X |
| X   X |
|   X X |
---------
X wins
?[1;31m
Start test 7?[0m
---------
|       |
|       |
|       |
---------
Enter your move (row column): > 2 2
---------
|       |
|   X   |
|       |
---------
Enter your move (row column): > 3 3
---------
|       |
|   X   |
|     X |
---------
Enter your move (row column): > 2 3
---------
|       |
|   X X |
|     X |
---------
Enter your move (row column): > 4 1
Invalid input! Row and column should be between 1 and 3.
Enter your move (row column): > 4 4
Invalid input! Row and column should be between 1 and 3.
Enter your move (row column): > 1 4
Invalid input! Row and column should be between 1 and 3.
Enter your move (row column): > 3 4
Invalid input! Row and column should be between 1 and 3.
Enter your move (row column): > 3 4
Invalid input! Row and column should be between 1 and 3.
Enter your move (row column): > 3 4
Invalid input! Row and column should be between 1 and 3.
Enter your move (row column): > 4 1
Invalid input! Row and column should be between 1 and 3.
Enter your move (row column): > 3 1
---------
|       |
|   X X |
| X   X |
---------
Enter your move (row column): > 3 2
---------
|       |
|   X X |
| X X X |
---------
X wins
?[1;31m
Start test 8?[0m
---------
|       |
|       |
|       |
---------
Enter your move (row column): > 4 7
Invalid input! Row and column should be between 1 and 3.
Enter your move (row column): > 1 4
Invalid input! Row and column should be between 1 and 3.
Enter your move (row column): > 2 2
---------
|       |
|   X   |
|       |
---------
Enter your move (row column): > 2 2
This cell is occupied! Choose another one.
Enter your move (row column): > 1 2
---------
|   X   |
|   X   |
|       |
---------
Enter your move (row column): > 1 2
This cell is occupied! Choose another one.
Enter your move (row column): > 4 2
Invalid input! Row and column should be between 1 and 3.
Enter your move (row column): > 3 4
Invalid input! Row and column should be between 1 and 3.
Enter your move (row column): > 1 2
This cell is occupied! Choose another one.
Enter your move (row column): > 1 2
This cell is occupied! Choose another one.
Enter your move (row column): > 3 4
Invalid input! Row and column should be between 1 and 3.
Enter your move (row column): > 3 2
---------
|   X   |
|   X   |
|   X   |
---------
X wins
?[1;31m
Start test 9?[0m
---------
|       |
|       |
|       |
---------
Enter your move (row column): > 1 3
---------
|     X |
|       |
|       |
---------
Enter your move (row column): > 2 4
Invalid input! Row and column should be between 1 and 3.
Enter your move (row column): > 3 4
Invalid input! Row and column should be between 1 and 3.
Enter your move (row column): > 1 1
---------
| X   X |
|       |
|       |
---------
Enter your move (row column): > 1 3
This cell is occupied! Choose another one.
Enter your move (row column): > 4 3
Invalid input! Row and column should be between 1 and 3.
Enter your move (row column): > 2 1
---------
| X   X |
| X     |
|       |
---------
Enter your move (row column): > 3 4
Invalid input! Row and column should be between 1 and 3.
Enter your move (row column): > 3 4
Invalid input! Row and column should be between 1 and 3.
Enter your move (row column): > 4 3
Invalid input! Row and column should be between 1 and 3.
Enter your move (row column): > 3 3
---------
| X   X |
| X     |
|     X |
---------
Enter your move (row column): > 1 1
This cell is occupied! Choose another one.
Enter your move (row column): > 1 2
---------
| X X X |
| X     |
|     X |
---------
X wins
]]></system-out>
  <system-err><![CDATA[]]></system-err>
</testsuite>
